<?xml version="1.0" encoding="UTF-8"?>
<!-- Generated by org.testng.reporters.JUnitReportReporter -->
<testsuite name="com.tester.cases.LoginTest" tests="1" time="3.948" ignored="1" failures="0" timestamp="19 Feb 2023 13:51:19 GMT" skipped="0" hostname="USER-20220802OT" errors="0">
  <testcase name="loginTrue" time="3.948" classname="com.tester.cases.LoginTest"/>
  <testcase name="loginFalse" classname="com.tester.cases.LoginTest">
    <skipped/>
  </testcase> <!-- loginFalse -->
</testsuite> <!-- com.tester.cases.LoginTest -->
