<?xml version="1.0" encoding="UTF-8" ?>
<testsuite tests="1" failures="0" name="TestSuite" time="5.998" errors="0" skipped="0">
  <properties>
    <property name="idea.version" value="2017.3.7"/>
    <property name="java.runtime.name" value="Java(TM) SE Runtime Environment"/>
    <property name="sun.boot.library.path" value="D:\softwaresetup\jdk\jre\bin"/>
    <property name="java.vm.version" value="25.151-b12"/>
    <property name="java.vm.vendor" value="Oracle Corporation"/>
    <property name="java.vendor.url" value="http://java.oracle.com/"/>
    <property name="path.separator" value=";"/>
    <property name="java.vm.name" value="Java HotSpot(TM) 64-Bit Server VM"/>
    <property name="file.encoding.pkg" value="sun.io"/>
    <property name="user.script" value=""/>
    <property name="user.country" value="CN"/>
    <property name="sun.java.launcher" value="SUN_STANDARD"/>
    <property name="sun.os.patch.level" value=""/>
    <property name="java.vm.specification.name" value="Java Virtual Machine Specification"/>
    <property name="user.dir" value="D:\WorkSpace\muke\AutoTest0203\Chapter12"/>
    <property name="java.runtime.version" value="1.8.0_151-b12"/>
    <property name="java.awt.graphicsenv" value="sun.awt.Win32GraphicsEnvironment"/>
    <property name="basedir" value="D:\WorkSpace\muke\AutoTest0203\Chapter12"/>
    <property name="java.endorsed.dirs" value="D:\softwaresetup\jdk\jre\lib\endorsed"/>
    <property name="os.arch" value="amd64"/>
    <property name="surefire.real.class.path" value="D:\WorkSpace\muke\AutoTest0203\Chapter12\target\surefire\surefirebooter1496916211572262666.jar"/>
    <property name="java.io.tmpdir" value="C:\Users\Administrator\AppData\Local\Temp\"/>
    <property name="line.separator" value="
"/>
    <property name="java.vm.specification.vendor" value="Oracle Corporation"/>
    <property name="user.variant" value=""/>
    <property name="os.name" value="Windows 10"/>
    <property name="sun.jnu.encoding" value="GBK"/>
    <property name="java.library.path" value="D:\softwaresetup\jdk\jre\bin;C:\Windows\Sun\Java\bin;C:\Windows\system32;C:\Windows;D:\softwaresetup\python\Scripts\;D:\softwaresetup\python\;C:\ProgramData\Oracle\Java\javapath;C:\Windows\system32;C:\Windows;C:\Windows\System32\Wbem;C:\Windows\System32\WindowsPowerShell\v1.0\;D:\softwaresetup\jdk;D:\softwaresetup\git\Git\cmd;C:\Users\Administrator\AppData\Local\Microsoft\WindowsApps;;D:\softwaresetup\fiddler;."/>
    <property name="surefire.test.class.path" value="D:\WorkSpace\muke\AutoTest0203\Chapter12\target\test-classes;D:\WorkSpace\muke\AutoTest0203\Chapter12\target\classes;D:\program\repository\org\apache\httpcomponents\httpclient\4.1.2\httpclient-4.1.2.jar;D:\program\repository\org\apache\httpcomponents\httpcore\4.4.6\httpcore-4.4.6.jar;D:\program\repository\commons-codec\commons-codec\1.10\commons-codec-1.10.jar;D:\program\repository\org\json\json\20170516\json-20170516.jar;D:\program\repository\org\mybatis\mybatis\3.4.4\mybatis-3.4.4.jar;D:\program\repository\mysql\mysql-connector-java\5.1.6\mysql-connector-java-5.1.6.jar;D:\program\repository\org\projectlombok\lombok\1.16.14\lombok-1.16.14.jar;D:\program\repository\com\relevantcodes\extentreports\2.41.1\extentreports-2.41.1.jar;D:\program\repository\org\jsoup\jsoup\1.8.3\jsoup-1.8.3.jar;D:\program\repository\org\xerial\sqlite-jdbc\3.15.1\sqlite-jdbc-3.15.1.jar;D:\program\repository\org\freemarker\freemarker\2.3.26-incubating\freemarker-2.3.26-incubating.jar;D:\program\repository\org\mongodb\mongodb-driver\3.4.2\mongodb-driver-3.4.2.jar;D:\program\repository\org\mongodb\bson\3.4.2\bson-3.4.2.jar;D:\program\repository\org\mongodb\mongodb-driver-core\3.4.2\mongodb-driver-core-3.4.2.jar;D:\program\repository\com\vimalselvam\testng-extentsreport\1.3.1\testng-extentsreport-1.3.1.jar;D:\program\repository\com\google\guava\guava\20.0\guava-20.0.jar;D:\program\repository\com\aventstack\extentreports\3.0.6\extentreports-3.0.6.jar;D:\program\repository\org\apache\httpcomponents\httpmime\4.5.3\httpmime-4.5.3.jar;D:\program\repository\org\testng\testng\6.10\testng-6.10.jar;D:\program\repository\com\beust\jcommander\1.48\jcommander-1.48.jar;D:\program\repository\commons-logging\commons-logging\1.2\commons-logging-1.2.jar;"/>
    <property name="java.specification.name" value="Java Platform API Specification"/>
    <property name="java.class.version" value="52.0"/>
    <property name="sun.management.compiler" value="HotSpot 64-Bit Tiered Compilers"/>
    <property name="maven.repo.local" value="D:\program\repository"/>
    <property name="os.version" value="10.0"/>
    <property name="user.home" value="C:\Users\Administrator"/>
    <property name="user.timezone" value="Asia/Shanghai"/>
    <property name="java.awt.printerjob" value="sun.awt.windows.WPrinterJob"/>
    <property name="java.specification.version" value="1.8"/>
    <property name="file.encoding" value="GBK"/>
    <property name="user.name" value="Administrator"/>
    <property name="java.class.path" value="D:\WorkSpace\muke\AutoTest0203\Chapter12\target\test-classes;D:\WorkSpace\muke\AutoTest0203\Chapter12\target\classes;D:\program\repository\org\apache\httpcomponents\httpclient\4.1.2\httpclient-4.1.2.jar;D:\program\repository\org\apache\httpcomponents\httpcore\4.4.6\httpcore-4.4.6.jar;D:\program\repository\commons-codec\commons-codec\1.10\commons-codec-1.10.jar;D:\program\repository\org\json\json\20170516\json-20170516.jar;D:\program\repository\org\mybatis\mybatis\3.4.4\mybatis-3.4.4.jar;D:\program\repository\mysql\mysql-connector-java\5.1.6\mysql-connector-java-5.1.6.jar;D:\program\repository\org\projectlombok\lombok\1.16.14\lombok-1.16.14.jar;D:\program\repository\com\relevantcodes\extentreports\2.41.1\extentreports-2.41.1.jar;D:\program\repository\org\jsoup\jsoup\1.8.3\jsoup-1.8.3.jar;D:\program\repository\org\xerial\sqlite-jdbc\3.15.1\sqlite-jdbc-3.15.1.jar;D:\program\repository\org\freemarker\freemarker\2.3.26-incubating\freemarker-2.3.26-incubating.jar;D:\program\repository\org\mongodb\mongodb-driver\3.4.2\mongodb-driver-3.4.2.jar;D:\program\repository\org\mongodb\bson\3.4.2\bson-3.4.2.jar;D:\program\repository\org\mongodb\mongodb-driver-core\3.4.2\mongodb-driver-core-3.4.2.jar;D:\program\repository\com\vimalselvam\testng-extentsreport\1.3.1\testng-extentsreport-1.3.1.jar;D:\program\repository\com\google\guava\guava\20.0\guava-20.0.jar;D:\program\repository\com\aventstack\extentreports\3.0.6\extentreports-3.0.6.jar;D:\program\repository\org\apache\httpcomponents\httpmime\4.5.3\httpmime-4.5.3.jar;D:\program\repository\org\testng\testng\6.10\testng-6.10.jar;D:\program\repository\com\beust\jcommander\1.48\jcommander-1.48.jar;D:\program\repository\commons-logging\commons-logging\1.2\commons-logging-1.2.jar;"/>
    <property name="java.vm.specification.version" value="1.8"/>
    <property name="sun.arch.data.model" value="64"/>
    <property name="java.home" value="D:\softwaresetup\jdk\jre"/>
    <property name="sun.java.command" value="D:\WorkSpace\muke\AutoTest0203\Chapter12\target\surefire\surefirebooter1496916211572262666.jar D:\WorkSpace\muke\AutoTest0203\Chapter12\target\surefire\surefire8802445657100901560tmp D:\WorkSpace\muke\AutoTest0203\Chapter12\target\surefire\surefire8759218052069839233tmp"/>
    <property name="java.specification.vendor" value="Oracle Corporation"/>
    <property name="user.language" value="zh"/>
    <property name="awt.toolkit" value="sun.awt.windows.WToolkit"/>
    <property name="java.vm.info" value="mixed mode"/>
    <property name="java.version" value="1.8.0_151"/>
    <property name="java.ext.dirs" value="D:\softwaresetup\jdk\jre\lib\ext;C:\Windows\Sun\Java\lib\ext"/>
    <property name="sun.boot.class.path" value="D:\softwaresetup\jdk\jre\lib\resources.jar;D:\softwaresetup\jdk\jre\lib\rt.jar;D:\softwaresetup\jdk\jre\lib\sunrsasign.jar;D:\softwaresetup\jdk\jre\lib\jsse.jar;D:\softwaresetup\jdk\jre\lib\jce.jar;D:\softwaresetup\jdk\jre\lib\charsets.jar;D:\softwaresetup\jdk\jre\lib\jfr.jar;D:\softwaresetup\jdk\jre\classes"/>
    <property name="java.vendor" value="Oracle Corporation"/>
    <property name="localRepository" value="D:\program\repository"/>
    <property name="file.separator" value="\"/>
    <property name="java.vendor.url.bug" value="http://bugreport.sun.com/bugreport/"/>
    <property name="sun.cpu.endian" value="little"/>
    <property name="sun.io.unicode.encoding" value="UnicodeLittle"/>
    <property name="sun.desktop" value="windows"/>
    <property name="sun.cpu.isalist" value="amd64"/>
  </properties>
  <testcase classname="com.tester.cases.LoginTest" name="loginTrue" time="3.948"/>
</testsuite>